<?xml version="1.0" encoding="UTF-8"?>
<!-- Generated by org.testng.reporters.JUnitXMLReporter -->
<testsuite hostname="agami-ip37" ignored="1" name="PositiveAlly Test(failed)(failed)" tests="2" failures="2" timestamp="11 Dec 2019 06:04:21 GMT" time="155.089" errors="0">
  <testcase name="adminLogin" time="19.642" classname="com.positiveAlly.testCases.TC_AdminLoginTest_001">
    <failure type="junit.framework.AssertionFailedError">
      <![CDATA[junit.framework.AssertionFailedError
at junit.framework.Assert.fail(Assert.java:47)
at junit.framework.Assert.assertTrue(Assert.java:20)
at junit.framework.Assert.assertTrue(Assert.java:27)
at com.positiveAlly.testCases.TC_Admin_AddUserAccountTest_002.admin_AddUserAcoount(TC_Admin_AddUserAccountTest_002.java:90)
at com.positiveAlly.testCases.TC_AdminLoginTest_001.adminLogin(TC_AdminLoginTest_001.java:42)
... Removed 25 stack frames]]>
    </failure>
  </testcase> <!-- adminLogin -->
  <testcase name="createAccount_Parent" time="0.0" classname="com.positiveAlly.testCases.TC_CreateNewTest_003">
    <failure type="org.testng.TestNGException" message="
Cannot inject @Test annotated Method [createAccount_Parent] with [class java.lang.String].
For more information on native dependency injection please refer to http://testng.org/doc/documentation-main.html#native-dependency-injection">
      <![CDATA[org.testng.TestNGException: 
Cannot inject @Test annotated Method [createAccount_Parent] with [class java.lang.String].
For more information on native dependency injection please refer to http://testng.org/doc/documentation-main.html#native-dependency-injection
... Removed 24 stack frames]]>
    </failure>
  </testcase> <!-- createAccount_Parent -->
  <testcase name="register_parent" time="0.0" classname="com.positiveAlly.testCases.TC_CreateNewTest_003">
    <ignored/>
  </testcase> <!-- register_parent -->
</testsuite> <!-- PositiveAlly Test(failed)(failed) -->
