<?xml version="1.0" encoding="UTF-8"?>
<!-- Generated by org.testng.reporters.JUnitXMLReporter -->
<testsuite hostname="agami-ip37" ignored="0" name="Default test(failed)" tests="1" failures="0" timestamp="20 Nov 2019 09:21:50 GMT" time="0.164" errors="0">
  <testcase name="@BeforeClass setup" time="0.0" classname="com.positiveAlly.testCases.BaseClass">
    <failure type="org.testng.TestNGException" message="
Parameter &amp;apos;browser&amp;apos; is required by BeforeClass on method setup but has not been marked @Optional or defined
in /home/ganesh/eclipse-workspace/PositiveAlly/test-output/Default suite/testng-failed.xml">
      <![CDATA[org.testng.TestNGException: 
Parameter 'browser' is required by BeforeClass on method setup but has not been marked @Optional or defined
in /home/ganesh/eclipse-workspace/PositiveAlly/test-output/Default suite/testng-failed.xml
... Removed 23 stack frames]]>
    </failure>
  </testcase> <!-- @BeforeClass setup -->
  <testcase name="@AfterClass tearDown" time="0.0" classname="com.positiveAlly.testCases.BaseClass">
    <skipped/>
  </testcase> <!-- @AfterClass tearDown -->
  <testcase name="registerSibling" time="0.0" classname="com.positiveAlly.testCases.TC_RegisterSibling_004">
    <skipped/>
  </testcase> <!-- registerSibling -->
</testsuite> <!-- Default test(failed) -->
